  main.cpp
C:\Users\NPT\source\repos\NP.20212.Gr12\Server\Server\main.cpp(160,62): warning C4267: 'argument': conversion from 'size_t' to 'int', possible loss of data
C:\Users\NPT\source\repos\NP.20212.Gr12\Server\Server\main.cpp(188,26): warning C4244: 'argument': conversion from 'SOCKET' to 'int', possible loss of data
C:\Users\NPT\source\repos\NP.20212.Gr12\Server\Server\main.cpp(192,54): warning C4267: 'argument': conversion from 'size_t' to 'int', possible loss of data
C:\Users\NPT\source\repos\NP.20212.Gr12\Server\Server\main.cpp(196,54): warning C4267: 'argument': conversion from 'size_t' to 'int', possible loss of data
C:\Users\NPT\source\repos\NP.20212.Gr12\Server\Server\main.cpp(199,18): warning C4244: 'argument': conversion from 'SOCKET' to 'int', possible loss of data
C:\Users\NPT\source\repos\NP.20212.Gr12\Server\Server\main.cpp(200,29): warning C4244: '=': conversion from 'SOCKET' to 'int', possible loss of data
C:\Users\NPT\source\repos\NP.20212.Gr12\Server\Server\main.cpp(217,34): warning C4244: 'argument': conversion from 'SOCKET' to 'int', possible loss of data
C:\Users\NPT\source\repos\NP.20212.Gr12\Server\Server\main.cpp(225,58): warning C4267: 'argument': conversion from 'size_t' to 'int', possible loss of data
C:\Users\NPT\source\repos\NP.20212.Gr12\Server\Server\main.cpp(246,55): warning C4267: 'argument': conversion from 'size_t' to 'int', possible loss of data
C:\Users\NPT\source\repos\NP.20212.Gr12\Server\Server\main.cpp(279,47): warning C4244: 'argument': conversion from 'SOCKET' to 'int', possible loss of data
C:\Users\NPT\source\repos\NP.20212.Gr12\Server\Server\main.cpp(281,62): warning C4267: 'argument': conversion from 'size_t' to 'int', possible loss of data
C:\Users\NPT\source\repos\NP.20212.Gr12\Server\Server\main.cpp(286,62): warning C4267: 'argument': conversion from 'size_t' to 'int', possible loss of data
C:\Users\NPT\source\repos\NP.20212.Gr12\Server\Server\main.cpp(292,62): warning C4267: 'argument': conversion from 'size_t' to 'int', possible loss of data
C:\Users\NPT\source\repos\NP.20212.Gr12\Server\Server\main.cpp(311,47): warning C4244: 'argument': conversion from 'SOCKET' to 'int', possible loss of data
C:\Users\NPT\source\repos\NP.20212.Gr12\Server\Server\main.cpp(318,61): warning C4267: 'argument': conversion from 'size_t' to 'int', possible loss of data
C:\Users\NPT\source\repos\NP.20212.Gr12\Server\Server\main.cpp(347,51): warning C4244: 'argument': conversion from 'SOCKET' to 'int', possible loss of data
C:\Users\NPT\source\repos\NP.20212.Gr12\Server\Server\main.cpp(348,55): warning C4267: 'argument': conversion from 'size_t' to 'int', possible loss of data
C:\Users\NPT\source\repos\NP.20212.Gr12\Server\Server\main.cpp(354,55): warning C4267: 'argument': conversion from 'size_t' to 'int', possible loss of data
C:\Users\NPT\source\repos\NP.20212.Gr12\Server\Server\main.cpp(373,54): warning C4244: 'argument': conversion from 'SOCKET' to 'int', possible loss of data
C:\Users\NPT\source\repos\NP.20212.Gr12\Server\Server\main.cpp(374,82): warning C4267: 'argument': conversion from 'size_t' to 'int', possible loss of data
C:\Users\NPT\source\repos\NP.20212.Gr12\Server\Server\main.cpp(380,44): warning C4244: 'argument': conversion from 'SOCKET' to 'int', possible loss of data
C:\Users\NPT\source\repos\NP.20212.Gr12\Server\Server\main.cpp(386,82): warning C4267: 'argument': conversion from 'size_t' to 'int', possible loss of data
C:\Users\NPT\source\repos\NP.20212.Gr12\Server\Server\main.cpp(396,44): warning C4244: 'argument': conversion from 'SOCKET' to 'int', possible loss of data
C:\Users\NPT\source\repos\NP.20212.Gr12\Server\Server\main.cpp(403,82): warning C4267: 'argument': conversion from 'size_t' to 'int', possible loss of data
C:\Users\NPT\source\repos\NP.20212.Gr12\Server\Server\main.cpp(436,53): warning C4244: 'argument': conversion from 'SOCKET' to 'int', possible loss of data
C:\Users\NPT\source\repos\NP.20212.Gr12\Server\Server\main.cpp(437,80): warning C4267: 'argument': conversion from 'size_t' to 'int', possible loss of data
C:\Users\NPT\source\repos\NP.20212.Gr12\Server\Server\main.cpp(451,24): warning C4244: 'argument': conversion from 'SOCKET' to 'int', possible loss of data
C:\Users\NPT\source\repos\NP.20212.Gr12\Server\Server\main.cpp(460,56): warning C4267: 'argument': conversion from 'size_t' to 'int', possible loss of data
C:\Users\NPT\source\repos\NP.20212.Gr12\Server\Server\main.cpp(464,56): warning C4267: 'argument': conversion from 'size_t' to 'int', possible loss of data
C:\Users\NPT\source\repos\NP.20212.Gr12\Server\Server\main.cpp(469,55): warning C4267: 'argument': conversion from 'size_t' to 'int', possible loss of data
C:\Users\NPT\source\repos\NP.20212.Gr12\Server\Server\main.cpp(480,55): warning C4267: 'argument': conversion from 'size_t' to 'int', possible loss of data
C:\Users\NPT\source\repos\NP.20212.Gr12\Server\Server\main.cpp(484,55): warning C4267: 'argument': conversion from 'size_t' to 'int', possible loss of data
C:\Users\NPT\source\repos\NP.20212.Gr12\Server\Server\main.cpp(510,44): warning C4267: 'argument': conversion from 'size_t' to 'int', possible loss of data
  Server.vcxproj -> C:\Users\NPT\source\repos\NP.20212.Gr12\Server\x64\Debug\Server.exe
